[debug] [2025-03-17T04:33:20.991Z] ----------------------------------------------------------------------
[debug] [2025-03-17T04:33:20.992Z] Command:       C:\Program Files\nodejs\node.exe C:\Users\sbern\AppData\Roaming\npm\node_modules\firebase-tools\lib\bin\firebase.js init
[debug] [2025-03-17T04:33:20.993Z] CLI Version:   13.34.0
[debug] [2025-03-17T04:33:20.993Z] Platform:      win32
[debug] [2025-03-17T04:33:20.993Z] Node Version:  v22.14.0
[debug] [2025-03-17T04:33:20.993Z] Time:          Sun Mar 16 2025 23:33:20 GMT-0500 (Central Daylight Time)
[debug] [2025-03-17T04:33:20.993Z] ----------------------------------------------------------------------
[debug] 
[debug] [2025-03-17T04:33:20.997Z] > command requires scopes: ["email","openid","https://www.googleapis.com/auth/cloudplatformprojects.readonly","https://www.googleapis.com/auth/firebase","https://www.googleapis.com/auth/cloud-platform"]
[debug] [2025-03-17T04:33:20.997Z] > authorizing via signed-in user (sbernard.102723@gmail.com)
[info] 
     ######## #### ########  ######## ########     ###     ######  ########
     ##        ##  ##     ## ##       ##     ##  ##   ##  ##       ##
     ######    ##  ########  ######   ########  #########  ######  ######
     ##        ##  ##    ##  ##       ##     ## ##     ##       ## ##
     ##       #### ##     ## ######## ########  ##     ##  ######  ########

You're about to initialize a Firebase project in this directory:

  C:\Users\sbern\OneDrive\Desktop\Oaknard Tax Wealth

[info] 
=== Project Setup
[info] 
[info] First, let's associate this project directory with a Firebase project.
[info] You can create multiple project aliases by running firebase use --add, 
[info] but for now we'll just set up a default project.
[info] 
[debug] [2025-03-17T04:35:16.317Z] Checked if tokens are valid: true, expires at: 1742189490288
[debug] [2025-03-17T04:35:16.317Z] Checked if tokens are valid: true, expires at: 1742189490288
[debug] [2025-03-17T04:35:16.319Z] >>> [apiv2][query] GET https://firebase.googleapis.com/v1beta1/projects pageSize=100
[debug] [2025-03-17T04:35:16.844Z] <<< [apiv2][status] GET https://firebase.googleapis.com/v1beta1/projects 200
[debug] [2025-03-17T04:35:16.844Z] <<< [apiv2][body] GET https://firebase.googleapis.com/v1beta1/projects [omitted]
[info] i  Using project oaknard-tax-wealth (Oaknard Tax Wealth) 
[info] 
=== Firestore Setup
[debug] [2025-03-17T04:35:21.336Z] Checked if tokens are valid: true, expires at: 1742189490288
[debug] [2025-03-17T04:35:21.336Z] Checked if tokens are valid: true, expires at: 1742189490288
[debug] [2025-03-17T04:35:21.336Z] >>> [apiv2][query] GET https://serviceusage.googleapis.com/v1/projects/oaknard-tax-wealth/services/firestore.googleapis.com [none]
[debug] [2025-03-17T04:35:21.336Z] >>> [apiv2][(partial)header] GET https://serviceusage.googleapis.com/v1/projects/oaknard-tax-wealth/services/firestore.googleapis.com x-goog-quota-user=projects/oaknard-tax-wealth
[debug] [2025-03-17T04:35:21.867Z] <<< [apiv2][status] GET https://serviceusage.googleapis.com/v1/projects/oaknard-tax-wealth/services/firestore.googleapis.com 200
[debug] [2025-03-17T04:35:21.867Z] <<< [apiv2][body] GET https://serviceusage.googleapis.com/v1/projects/oaknard-tax-wealth/services/firestore.googleapis.com [omitted]
[debug] [2025-03-17T04:35:21.868Z] Checked if tokens are valid: true, expires at: 1742189490288
[debug] [2025-03-17T04:35:21.868Z] Checked if tokens are valid: true, expires at: 1742189490288
[debug] [2025-03-17T04:35:21.868Z] >>> [apiv2][query] GET https://firestore.googleapis.com/v1/projects/oaknard-tax-wealth/databases/(default) [none]
[debug] [2025-03-17T04:35:22.661Z] <<< [apiv2][status] GET https://firestore.googleapis.com/v1/projects/oaknard-tax-wealth/databases/(default) 200
[debug] [2025-03-17T04:35:22.661Z] <<< [apiv2][body] GET https://firestore.googleapis.com/v1/projects/oaknard-tax-wealth/databases/(default) {"name":"projects/oaknard-tax-wealth/databases/(default)","uid":"a957588a-5e88-4593-90c5-abe73058854c","createTime":"2025-03-14T04:17:02.224925Z","updateTime":"2025-03-14T04:17:02.224925Z","locationId":"nam5","type":"FIRESTORE_NATIVE","concurrencyMode":"PESSIMISTIC","versionRetentionPeriod":"3600s","earliestVersionTime":"2025-03-17T03:35:21.368065Z","appEngineIntegrationMode":"DISABLED","keyPrefix":"s","pointInTimeRecoveryEnablement":"POINT_IN_TIME_RECOVERY_DISABLED","deleteProtectionState":"DELETE_PROTECTION_DISABLED","databaseEdition":"STANDARD","etag":"IIKfloelkIwDMK7J5LzdiIwD"}
[debug] [2025-03-17T04:35:22.661Z] database_type: FIRESTORE_NATIVE
[debug] [2025-03-17T04:35:22.661Z] database_type: FIRESTORE_NATIVE
[debug] [2025-03-17T04:35:22.662Z] > command requires scopes: ["email","openid","https://www.googleapis.com/auth/cloudplatformprojects.readonly","https://www.googleapis.com/auth/firebase","https://www.googleapis.com/auth/cloud-platform"]
[debug] [2025-03-17T04:35:22.663Z] > authorizing via signed-in user (sbernard.102723@gmail.com)
[debug] [2025-03-17T04:35:22.663Z] [iam] checking project oaknard-tax-wealth for permissions ["firebase.projects.get"]
[debug] [2025-03-17T04:35:22.663Z] Checked if tokens are valid: true, expires at: 1742189490288
[debug] [2025-03-17T04:35:22.663Z] Checked if tokens are valid: true, expires at: 1742189490288
[debug] [2025-03-17T04:35:22.663Z] >>> [apiv2][query] POST https://cloudresourcemanager.googleapis.com/v1/projects/oaknard-tax-wealth:testIamPermissions [none]
[debug] [2025-03-17T04:35:22.664Z] >>> [apiv2][(partial)header] POST https://cloudresourcemanager.googleapis.com/v1/projects/oaknard-tax-wealth:testIamPermissions x-goog-quota-user=projects/oaknard-tax-wealth
[debug] [2025-03-17T04:35:22.664Z] >>> [apiv2][body] POST https://cloudresourcemanager.googleapis.com/v1/projects/oaknard-tax-wealth:testIamPermissions {"permissions":["firebase.projects.get"]}
[debug] [2025-03-17T04:35:23.047Z] <<< [apiv2][status] POST https://cloudresourcemanager.googleapis.com/v1/projects/oaknard-tax-wealth:testIamPermissions 200
[debug] [2025-03-17T04:35:23.047Z] <<< [apiv2][body] POST https://cloudresourcemanager.googleapis.com/v1/projects/oaknard-tax-wealth:testIamPermissions {"permissions":["firebase.projects.get"]}
[info] 
[info] Firestore Security Rules allow you to define how and when to allow
[info] requests. You can keep these rules in your project directory
[info] and publish them with firebase deploy.
[info] 
[debug] [2025-03-17T04:35:56.782Z] Checked if tokens are valid: true, expires at: 1742189490288
[debug] [2025-03-17T04:35:56.782Z] Checked if tokens are valid: true, expires at: 1742189490288
[debug] [2025-03-17T04:35:56.782Z] >>> [apiv2][query] GET https://firebaserules.googleapis.com/v1/projects/oaknard-tax-wealth/releases pageSize=10&pageToken=
[debug] [2025-03-17T04:35:57.276Z] <<< [apiv2][status] GET https://firebaserules.googleapis.com/v1/projects/oaknard-tax-wealth/releases 200
[debug] [2025-03-17T04:35:57.276Z] <<< [apiv2][body] GET https://firebaserules.googleapis.com/v1/projects/oaknard-tax-wealth/releases {"releases":[{"name":"projects/oaknard-tax-wealth/releases/cloud.firestore","rulesetName":"projects/oaknard-tax-wealth/rulesets/9e8b07f2-34c9-4c41-8a93-c95a15645629","createTime":"2025-03-14T04:17:04.138289Z","updateTime":"2025-03-14T04:17:04.138289Z"},{"name":"projects/oaknard-tax-wealth/releases/cloud.firestore/oaksnard-tax-wealth","rulesetName":"projects/oaknard-tax-wealth/rulesets/bc062069-f2ba-4858-8a40-f190a9e95d46","createTime":"2025-03-14T04:52:08.863684Z","updateTime":"2025-03-14T04:52:08.863684Z"}]}
[debug] [2025-03-17T04:35:57.309Z] Found ruleset: projects/oaknard-tax-wealth/rulesets/bc062069-f2ba-4858-8a40-f190a9e95d46
[debug] [2025-03-17T04:35:57.310Z] Checked if tokens are valid: true, expires at: 1742189490288
[debug] [2025-03-17T04:35:57.310Z] Checked if tokens are valid: true, expires at: 1742189490288
[debug] [2025-03-17T04:35:57.310Z] >>> [apiv2][query] GET https://firebaserules.googleapis.com/v1/projects/oaknard-tax-wealth/rulesets/bc062069-f2ba-4858-8a40-f190a9e95d46 [none]
[debug] [2025-03-17T04:35:57.488Z] <<< [apiv2][status] GET https://firebaserules.googleapis.com/v1/projects/oaknard-tax-wealth/rulesets/bc062069-f2ba-4858-8a40-f190a9e95d46 200
[debug] [2025-03-17T04:35:57.488Z] <<< [apiv2][body] GET https://firebaserules.googleapis.com/v1/projects/oaknard-tax-wealth/rulesets/bc062069-f2ba-4858-8a40-f190a9e95d46 [omitted]
[info] 
[info] Firestore indexes allow you to perform complex queries while
[info] maintaining performance that scales with the size of the result
[info] set. You can keep index definitions in your project directory
[info] and publish them with firebase deploy.
[info] 
[debug] [2025-03-17T04:36:08.428Z] Checked if tokens are valid: true, expires at: 1742189490288
[debug] [2025-03-17T04:36:08.428Z] Checked if tokens are valid: true, expires at: 1742189490288
[debug] [2025-03-17T04:36:08.428Z] Checked if tokens are valid: true, expires at: 1742189490288
[debug] [2025-03-17T04:36:08.428Z] Checked if tokens are valid: true, expires at: 1742189490288
[debug] [2025-03-17T04:36:08.428Z] >>> [apiv2][query] GET https://firestore.googleapis.com/v1/projects/oaknard-tax-wealth/databases/(default)/collectionGroups/-/indexes [none]
[debug] [2025-03-17T04:36:08.431Z] >>> [apiv2][query] GET https://firestore.googleapis.com/v1/projects/oaknard-tax-wealth/databases/(default)/collectionGroups/-/fields?filter=indexConfig.usesAncestorConfig=false OR ttlConfig:* [none]
[debug] [2025-03-17T04:36:09.060Z] <<< [apiv2][status] GET https://firestore.googleapis.com/v1/projects/oaknard-tax-wealth/databases/(default)/collectionGroups/-/indexes 200
[debug] [2025-03-17T04:36:09.060Z] <<< [apiv2][body] GET https://firestore.googleapis.com/v1/projects/oaknard-tax-wealth/databases/(default)/collectionGroups/-/indexes {}
[debug] [2025-03-17T04:36:09.061Z] <<< [apiv2][status] GET https://firestore.googleapis.com/v1/projects/oaknard-tax-wealth/databases/(default)/collectionGroups/-/fields?filter=indexConfig.usesAncestorConfig=false OR ttlConfig:* 200
[debug] [2025-03-17T04:36:09.061Z] <<< [apiv2][body] GET https://firestore.googleapis.com/v1/projects/oaknard-tax-wealth/databases/(default)/collectionGroups/-/fields?filter=indexConfig.usesAncestorConfig=false OR ttlConfig:* {"fields":[{"name":"projects/oaknard-tax-wealth/databases/(default)/collectionGroups/__default__/fields/*","indexConfig":{"indexes":[{"queryScope":"COLLECTION","fields":[{"fieldPath":"*","order":"ASCENDING"}],"state":"READY"},{"queryScope":"COLLECTION","fields":[{"fieldPath":"*","order":"DESCENDING"}],"state":"READY"},{"queryScope":"COLLECTION","fields":[{"fieldPath":"*","arrayConfig":"CONTAINS"}],"state":"READY"}]}}]}
[info] 
=== Hosting Setup
[debug] [2025-03-17T04:36:09.067Z] Checked if tokens are valid: true, expires at: 1742189490288
[debug] [2025-03-17T04:36:09.068Z] Checked if tokens are valid: true, expires at: 1742189490288
[debug] [2025-03-17T04:36:09.068Z] >>> [apiv2][query] GET https://firebase.googleapis.com/v1beta1/projects/oaknard-tax-wealth [none]
[debug] [2025-03-17T04:36:09.530Z] <<< [apiv2][status] GET https://firebase.googleapis.com/v1beta1/projects/oaknard-tax-wealth 200
[debug] [2025-03-17T04:36:09.531Z] <<< [apiv2][body] GET https://firebase.googleapis.com/v1beta1/projects/oaknard-tax-wealth {"projectId":"oaknard-tax-wealth","projectNumber":"43002977640","displayName":"Oaknard Tax Wealth","name":"projects/oaknard-tax-wealth","resources":{"hostingSite":"oaknard-tax-wealth"},"state":"ACTIVE","etag":"1_b8ed82df-bfb3-49bd-81fe-67a2f5b5f9e3"}
[info] 
[info] Your public directory is the folder (relative to your project directory) that
[info] will contain Hosting assets to be uploaded with firebase deploy. If you
[info] have a build process for your assets, use your build's output directory.
[info] 
[debug] [2025-03-17T04:36:24.758Z] >>> [apiv2][query] GET https://www.gstatic.com/firebasejs/releases.json [none]
[debug] [2025-03-17T04:36:25.126Z] <<< [apiv2][status] GET https://www.gstatic.com/firebasejs/releases.json 200
[debug] [2025-03-17T04:36:25.126Z] <<< [apiv2][body] GET https://www.gstatic.com/firebasejs/releases.json {"current":{"version":"11.4.0","browserURL":"https://www.gstatic.com/firebasejs/11.4.0/firebase.js","packageURL":"https://www.gstatic.com/firebasejs/11.4.0/firebase.tgz"},"live":{"version":"11.4","browserURL":"https://www.gstatic.com/firebasejs/live/11.4/firebase.js","packageURL":"https://www.gstatic.com/firebasejs/live/11.4/firebase.tgz"},"components":{"analytics":"https://www.gstatic.com/firebasejs/11.4.0/firebase-analytics.js","app":"https://www.gstatic.com/firebasejs/11.4.0/firebase-app.js","app-check":"https://www.gstatic.com/firebasejs/11.4.0/firebase-app-check.js","auth":"https://www.gstatic.com/firebasejs/11.4.0/firebase-auth.js","auth/cordova":"https://www.gstatic.com/firebasejs/11.4.0/firebase-auth/cordova.js","auth/web-extension":"https://www.gstatic.com/firebasejs/11.4.0/firebase-auth/web-extension.js","functions":"https://www.gstatic.com/firebasejs/11.4.0/firebase-functions.js","firestore":"https://www.gstatic.com/firebasejs/11.4.0/firebase-firestore.js","firestore/lite":"https://www.gstatic.com/firebasejs/11.4.0/firebase-firestore/lite.js","installations":"https://www.gstatic.com/firebasejs/11.4.0/firebase-installations.js","storage":"https://www.gstatic.com/firebasejs/11.4.0/firebase-storage.js","performance":"https://www.gstatic.com/firebasejs/11.4.0/firebase-performance.js","remote-config":"https://www.gstatic.com/firebasejs/11.4.0/firebase-remote-config.js","messaging":"https://www.gstatic.com/firebasejs/11.4.0/firebase-messaging.js","messaging/sw":"https://www.gstatic.com/firebasejs/11.4.0/firebase-messaging/sw.js","database":"https://www.gstatic.com/firebasejs/11.4.0/firebase-database.js","vertexai":"https://www.gstatic.com/firebasejs/11.4.0/firebase-vertexai.js","data-connect":"https://www.gstatic.com/firebasejs/11.4.0/firebase-data-connect.js","firestore.memory":"https://www.gstatic.com/firebasejs/11.4.0/firebase-firestore.memory.js"}}
[info] i  public/index.html is unchanged 
[info] 
[info] i  Didn't detect a .git folder. Assuming C:\Users\sbern\OneDrive\Desktop\Oaknard Tax Wealth is the project root. 
[info] i  Authorizing with GitHub to upload your service account to a GitHub repository's secrets store. 
[info] 
[info] Visit this URL on this device to log in:
[info] https://github.com/login/oauth/authorize?client_id=89cf50f02ac6aaed3484&state=642979594&redirect_uri=http%3A%2F%2Flocalhost%3A9005&scope=read%3Auser%20repo%20public_repo
[info] 
[info] Waiting for authentication...
[debug] [2025-03-17T04:36:25.595Z] >>> [apiv2][query] POST https://github.com/login/oauth/access_token [none]
[debug] [2025-03-17T04:36:25.595Z] >>> [apiv2][body] POST https://github.com/login/oauth/access_token [stream]
[debug] [2025-03-17T04:36:25.957Z] <<< [apiv2][status] POST https://github.com/login/oauth/access_token 200
[debug] [2025-03-17T04:36:25.957Z] <<< [apiv2][body] POST https://github.com/login/oauth/access_token {"access_token":"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","token_type":"bearer","scope":"read:user,repo"}
[debug] [2025-03-17T04:36:25.962Z] >>> [apiv2][query] GET https://api.github.com/user [none]
[debug] [2025-03-17T04:36:26.256Z] <<< [apiv2][status] GET https://api.github.com/user 200
[debug] [2025-03-17T04:36:26.256Z] <<< [apiv2][body] GET https://api.github.com/user {"login":"SCB102723","id":202862935,"node_id":"U_kgDODBdxVw","avatar_url":"https://avatars.githubusercontent.com/u/202862935?v=4","gravatar_id":"","url":"https://api.github.com/users/SCB102723","html_url":"https://github.com/SCB102723","followers_url":"https://api.github.com/users/SCB102723/followers","following_url":"https://api.github.com/users/SCB102723/following{/other_user}","gists_url":"https://api.github.com/users/SCB102723/gists{/gist_id}","starred_url":"https://api.github.com/users/SCB102723/starred{/owner}{/repo}","subscriptions_url":"https://api.github.com/users/SCB102723/subscriptions","organizations_url":"https://api.github.com/users/SCB102723/orgs","repos_url":"https://api.github.com/users/SCB102723/repos","events_url":"https://api.github.com/users/SCB102723/events{/privacy}","received_events_url":"https://api.github.com/users/SCB102723/received_events","type":"User","user_view_type":"private","site_admin":false,"name":null,"company":null,"blog":"","location":null,"email":null,"hireable":null,"bio":null,"twitter_username":null,"notification_email":null,"public_repos":0,"public_gists":0,"followers":0,"following":0,"created_at":"2025-03-11T21:44:18Z","updated_at":"2025-03-11T21:44:26Z","private_gists":0,"total_private_repos":0,"owned_private_repos":0,"disk_usage":0,"collaborators":0,"two_factor_authentication":false,"plan":{"name":"free","space":976562499,"collaborators":0,"private_repos":10000}}
[info] 
[info] +  Success! Logged into GitHub as SCB102723 
[info] 
